This is pdfTeX, Version 3.1415926-2.4-1.40.13 (MiKTeX 2.9 64-bit) (preloaded format=pdflatex 2013.8.29)  29 AUG 2013 15:16
entering extended mode
**finalReport.tex
(C:\Users\Owen\Desktop\433-Report\finalReport.tex
LaTeX2e <2011/06/27>
Babel <v3.8m> and hyphenation patterns for english, afrikaans, ancientgreek, ar
abic, armenian, assamese, basque, bengali, bokmal, bulgarian, catalan, coptic, 
croatian, czech, danish, dutch, esperanto, estonian, farsi, finnish, french, ga
lician, german, german-x-2012-05-30, greek, gujarati, hindi, hungarian, iceland
ic, indonesian, interlingua, irish, italian, kannada, kurmanji, latin, latvian,
 lithuanian, malayalam, marathi, mongolian, mongolianlmc, monogreek, ngerman, n
german-x-2012-05-30, nynorsk, oriya, panjabi, pinyin, polish, portuguese, roman
ian, russian, sanskrit, serbian, slovak, slovenian, spanish, swedish, swissgerm
an, tamil, telugu, turkish, turkmen, ukenglish, ukrainian, uppersorbian, usengl
ishmax, welsh, loaded.
(C:\Users\Owen\Desktop\433-Report\CRPITStyle.cls
Document Class: CRPITStyle 

Class CRPITStyle Warning: Unknown option `11pt'.

("C:\Program Files\MiKTeX 2.9\tex\latex\base\article.cls"
Document Class: article 2007/10/19 v1.4h Standard LaTeX document class
("C:\Program Files\MiKTeX 2.9\tex\latex\base\size10.clo"
File: size10.clo 2007/10/19 v1.4h Standard LaTeX file (size option)
)
\c@part=\count79
\c@section=\count80
\c@subsection=\count81
\c@subsubsection=\count82
\c@paragraph=\count83
\c@subparagraph=\count84
\c@figure=\count85
\c@table=\count86
\abovecaptionskip=\skip41
\belowcaptionskip=\skip42
\bibindent=\dimen102
)
\@acmtitlebox=\box26
)
("C:\Program Files\MiKTeX 2.9\tex\latex\placeins\placeins.sty"
Package: placeins 2005/04/18  v 2.2
)
("C:\Program Files\MiKTeX 2.9\tex\latex\float\float.sty"
Package: float 2001/11/08 v1.3d Float enhancements (AL)
\c@float@type=\count87
\float@exts=\toks14
\float@box=\box27
\@float@everytoks=\toks15
\@floatcapt=\box28
)
("C:\Program Files\MiKTeX 2.9\tex\latex\pdfpages\pdfpages.sty"
Package: pdfpages 2013/08/25 v0.4v Insert pages of external PDF documents (AM)

("C:\Program Files\MiKTeX 2.9\tex\latex\base\ifthen.sty"
Package: ifthen 2001/05/26 v1.1c Standard LaTeX ifthen package (DPC)
)
("C:\Program Files\MiKTeX 2.9\tex\latex\tools\calc.sty"
Package: calc 2007/08/22 v4.3 Infix arithmetic (KKT,FJ)
\calc@Acount=\count88
\calc@Bcount=\count89
\calc@Adimen=\dimen103
\calc@Bdimen=\dimen104
\calc@Askip=\skip43
\calc@Bskip=\skip44
LaTeX Info: Redefining \setlength on input line 76.
LaTeX Info: Redefining \addtolength on input line 77.
\calc@Ccount=\count90
\calc@Cskip=\skip45
)
("C:\Program Files\MiKTeX 2.9\tex\latex\eso-pic\eso-pic.sty"
Package: eso-pic 2010/10/06 v2.0c eso-pic (RN)

("C:\Program Files\MiKTeX 2.9\tex\generic\oberdiek\atbegshi.sty"
Package: atbegshi 2011/10/05 v1.16 At begin shipout hook (HO)

("C:\Program Files\MiKTeX 2.9\tex\generic\oberdiek\infwarerr.sty"
Package: infwarerr 2010/04/08 v1.3 Providing info/warning/error messages (HO)
)
("C:\Program Files\MiKTeX 2.9\tex\generic\oberdiek\ltxcmds.sty"
Package: ltxcmds 2011/11/09 v1.22 LaTeX kernel commands for general use (HO)
)
("C:\Program Files\MiKTeX 2.9\tex\generic\oberdiek\ifpdf.sty"
Package: ifpdf 2011/01/30 v2.3 Provides the ifpdf switch (HO)
Package ifpdf Info: pdfTeX in PDF mode is detected.
))
("C:\Program Files\MiKTeX 2.9\tex\latex\graphics\keyval.sty"
Package: keyval 1999/03/16 v1.13 key=value parser (DPC)
\KV@toks@=\toks16
)
("C:\Program Files\MiKTeX 2.9\tex\latex\xcolor\xcolor.sty"
Package: xcolor 2007/01/21 v2.11 LaTeX color extensions (UK)

("C:\Program Files\MiKTeX 2.9\tex\latex\00miktex\color.cfg"
File: color.cfg 2007/01/18 v1.5 color configuration of teTeX/TeXLive
)
Package xcolor Info: Driver file: pdftex.def on input line 225.

("C:\Program Files\MiKTeX 2.9\tex\latex\pdftex-def\pdftex.def"
File: pdftex.def 2011/05/27 v0.06d Graphics/color for pdfTeX
\Gread@gobject=\count91
)
Package xcolor Info: Model `cmy' substituted by `cmy0' on input line 1337.
Package xcolor Info: Model `hsb' substituted by `rgb' on input line 1341.
Package xcolor Info: Model `RGB' extended on input line 1353.
Package xcolor Info: Model `HTML' substituted by `rgb' on input line 1355.
Package xcolor Info: Model `Hsb' substituted by `hsb' on input line 1356.
Package xcolor Info: Model `tHsb' substituted by `hsb' on input line 1357.
Package xcolor Info: Model `HSB' substituted by `hsb' on input line 1358.
Package xcolor Info: Model `Gray' substituted by `gray' on input line 1359.
Package xcolor Info: Model `wave' substituted by `hsb' on input line 1360.
))
("C:\Program Files\MiKTeX 2.9\tex\latex\graphics\graphicx.sty"
Package: graphicx 1999/02/16 v1.0f Enhanced LaTeX Graphics (DPC,SPQR)

("C:\Program Files\MiKTeX 2.9\tex\latex\graphics\graphics.sty"
Package: graphics 2009/02/05 v1.0o Standard LaTeX Graphics (DPC,SPQR)

("C:\Program Files\MiKTeX 2.9\tex\latex\graphics\trig.sty"
Package: trig 1999/03/16 v1.09 sin cos tan (DPC)
)
("C:\Program Files\MiKTeX 2.9\tex\latex\00miktex\graphics.cfg"
File: graphics.cfg 2007/01/18 v1.5 graphics configuration of teTeX/TeXLive
)
Package graphics Info: Driver file: pdftex.def on input line 91.
)
\Gin@req@height=\dimen105
\Gin@req@width=\dimen106
)
("C:\Program Files\MiKTeX 2.9\tex\latex\pdfpages\pppdftex.def"
File: pppdftex.def 2013/08/25 v0.4v Pdfpages driver for pdfTeX (AM)
)
\AM@pagebox=\box29
\AM@toc@title=\toks17
\c@AM@survey=\count92
\AM@templatesizebox=\box30
)
No file finalReport.aux.
LaTeX Font Info:    Checking defaults for OML/cmm/m/it on input line 10.
LaTeX Font Info:    ... okay on input line 10.
LaTeX Font Info:    Checking defaults for T1/cmr/m/n on input line 10.
LaTeX Font Info:    ... okay on input line 10.
LaTeX Font Info:    Checking defaults for OT1/cmr/m/n on input line 10.
LaTeX Font Info:    ... okay on input line 10.
LaTeX Font Info:    Checking defaults for OMS/cmsy/m/n on input line 10.
LaTeX Font Info:    ... okay on input line 10.
LaTeX Font Info:    Checking defaults for OMX/cmex/m/n on input line 10.
LaTeX Font Info:    ... okay on input line 10.
LaTeX Font Info:    Checking defaults for U/cmr/m/n on input line 10.
LaTeX Font Info:    ... okay on input line 10.
\AtBeginShipoutBox=\box31
("C:\Program Files\MiKTeX 2.9\tex\context\base\supp-pdf.mkii"
[Loading MPS to PDF converter (version 2006.09.02).]
\scratchcounter=\count93
\scratchdimen=\dimen107
\scratchbox=\box32
\nofMPsegments=\count94
\nofMParguments=\count95
\everyMPshowfont=\toks18
\MPscratchCnt=\count96
\MPscratchDim=\dimen108
\MPnumerator=\count97
\makeMPintoPDFobject=\count98
\everyMPtoPDFconversion=\toks19
)
LaTeX Font Info:    External font `cmex10' loaded for size
(Font)              <10.95> on input line 13.
LaTeX Font Info:    External font `cmex10' loaded for size
(Font)              <8> on input line 13.
LaTeX Font Info:    External font `cmex10' loaded for size
(Font)              <6> on input line 13.


LaTeX Warning: Citation `Card' on page 1 undefined on input line 16.


LaTeX Warning: File `dataexample.jpg' not found on input line 28.


! Package pdftex.def Error: File `dataexample.jpg' not found.

See the pdftex.def package documentation for explanation.
Type  H <return>  for immediate help.
 ...                                              
                                                  
l.28 ...hics[width=0.5\textwidth]{dataexample.jpg}
                                                  
Using draft setting for this image.
Try typing  <return>  to proceed.
If that doesn't work, type  X <return>  to quit.


Overfull \hbox (9.0pt too wide) in paragraph at lines 28--29
 [][] 
 []


Underfull \hbox (badness 10000) in paragraph at lines 20--35

 []


Underfull \hbox (badness 1540) in paragraph at lines 20--35
\OT1/cmr/m/n/10 The sys-tem I de-signed was to solve the prob-
 []


Underfull \hbox (badness 1221) in paragraph at lines 20--35
\OT1/cmr/m/n/10 lem that there is cur-rently no vi-sual means of
 []


Underfull \hbox (badness 10000) in paragraph at lines 20--35

 []


Underfull \hbox (badness 1502) in paragraph at lines 20--35
\OT1/cmr/m/n/10 The data cho-sen to vi-su-alise was a dataset of
 []


Underfull \hbox (badness 10000) in paragraph at lines 20--35

 []


Underfull \hbox (badness 10000) in paragraph at lines 20--35

 []


Underfull \hbox (badness 3049) in paragraph at lines 20--35
\OT1/cmr/m/n/10 A chal-lenge that I faced when de-sign-ing this
 []


Underfull \hbox (badness 10000) in paragraph at lines 20--35

 []


LaTeX Warning: `!h' float specifier changed to `!ht'.


LaTeX Warning: Citation `cog' on page 1 undefined on input line 41.


LaTeX Warning: Citation `lewis' on page 1 undefined on input line 43.


LaTeX Warning: File `overview.jpg' not found on input line 47.


! Package pdftex.def Error: File `overview.jpg' not found.

See the pdftex.def package documentation for explanation.
Type  H <return>  for immediate help.
 ...                                              
                                                  
l.47 ...raphics[width=0.5\textwidth]{overview.jpg}
                                                  
Using draft setting for this image.
Try typing  <return>  to proceed.
If that doesn't work, type  X <return>  to quit.


Overfull \hbox (9.0pt too wide) in paragraph at lines 47--48
 [][] 
 []


LaTeX Warning: File `overview2.jpg' not found on input line 53.


! Package pdftex.def Error: File `overview2.jpg' not found.

See the pdftex.def package documentation for explanation.
Type  H <return>  for immediate help.
 ...                                              
                                                  
l.53 ...aphics[width=0.5\textwidth]{overview2.jpg}
                                                  
Using draft setting for this image.
Try typing  <return>  to proceed.
If that doesn't work, type  X <return>  to quit.


Overfull \hbox (9.0pt too wide) in paragraph at lines 53--54
 [][] 
 []


Underfull \hbox (badness 10000) in paragraph at lines 41--58

 []


Underfull \hbox (badness 1242) in paragraph at lines 41--58
\OT1/cmr/m/n/10 vi-su-al-i-sa-tion el-e-ments re-main dis-tinct and eas-ily
 []


Underfull \hbox (badness 10000) in paragraph at lines 41--58

 []


Underfull \hbox (badness 10000) in paragraph at lines 41--58

 []


Underfull \hbox (badness 10000) in paragraph at lines 41--58

 []


LaTeX Warning: `!h' float specifier changed to `!ht'.

[1{C:/ProgramData/MiKTeX/2.9/pdftex/config/pdftex.map}


]

LaTeX Warning: File `graph.jpg' not found on input line 64.


! Package pdftex.def Error: File `graph.jpg' not found.

See the pdftex.def package documentation for explanation.
Type  H <return>  for immediate help.
 ...                                              
                                                  
l.64 ...degraphics[width=0.5\textwidth]{graph.jpg}
                                                  
Using draft setting for this image.
Try typing  <return>  to proceed.
If that doesn't work, type  X <return>  to quit.


Overfull \hbox (9.0pt too wide) in paragraph at lines 64--65
 [][] 
 []


Underfull \hbox (badness 10000) in paragraph at lines 60--69

 []


Underfull \hbox (badness 10000) in paragraph at lines 60--69

 []


LaTeX Warning: File `interaction.jpg' not found on input line 75.


! Package pdftex.def Error: File `interaction.jpg' not found.

See the pdftex.def package documentation for explanation.
Type  H <return>  for immediate help.
 ...                                              
                                                  
l.75 ...hics[width=0.5\textwidth]{interaction.jpg}
                                                  
Using draft setting for this image.
Try typing  <return>  to proceed.
If that doesn't work, type  X <return>  to quit.


Overfull \hbox (9.0pt too wide) in paragraph at lines 75--76
 [][] 
 []


Underfull \hbox (badness 10000) in paragraph at lines 71--80

 []


Underfull \hbox (badness 10000) in paragraph at lines 71--80

 []


Underfull \hbox (badness 1668) in paragraph at lines 71--80
\OT1/cmr/m/n/10 As the im-ages above of the Graph and In-ter-
 []


Underfull \hbox (badness 1132) in paragraph at lines 71--80
\OT1/cmr/m/n/10 ac-tion pan-els show, there are not many de-tails
 []


LaTeX Warning: `!h' float specifier changed to `!ht'.


LaTeX Warning: File `text.jpg' not found on input line 86.


! Package pdftex.def Error: File `text.jpg' not found.

See the pdftex.def package documentation for explanation.
Type  H <return>  for immediate help.
 ...                                              
                                                  
l.86 ...udegraphics[width=0.5\textwidth]{text.jpg}
                                                  
Using draft setting for this image.
Try typing  <return>  to proceed.
If that doesn't work, type  X <return>  to quit.


Overfull \hbox (9.0pt too wide) in paragraph at lines 86--87
 [][] 
 []


Underfull \hbox (badness 10000) in paragraph at lines 82--90

 []


Underfull \hbox (badness 10000) in paragraph at lines 82--90

 []


Underfull \hbox (badness 10000) in paragraph at lines 82--90

 []


LaTeX Warning: `!h' float specifier changed to `!ht'.

[2]

LaTeX Warning: Citation `d3' on page 3 undefined on input line 103.


LaTeX Warning: Citation `herman' on page 3 undefined on input line 105.


Underfull \hbox (badness 1127) in paragraph at lines 103--112
\OT1/cmr/m/n/10 For the tech-nol-ogy for my vi-su-al-i-sa-tion I chose
 []


Underfull \hbox (badness 1715) in paragraph at lines 103--112
\OT1/cmr/m/n/10 D3.js li-brary uses pre-built JavaScript func-tions
 []


Underfull \hbox (badness 10000) in paragraph at lines 103--112

 []


Underfull \hbox (badness 1072) in paragraph at lines 103--112
\OT1/cmr/m/n/10 I chose to use a 2D graph be-cause there were
 []


Underfull \hbox (badness 10000) in paragraph at lines 103--112

 []


Underfull \hbox (badness 2277) in paragraph at lines 103--112
\OT1/cmr/m/n/10 A key com-po-nent of the de-sign was to al-low
 []


Underfull \hbox (badness 10000) in paragraph at lines 103--112

 []


Underfull \hbox (badness 3098) in paragraph at lines 103--112
\OT1/cmr/m/n/10 The colours cho-sen to rep-re-sent the MPG of
 []


Underfull \hbox (badness 10000) in paragraph at lines 103--112

 []


Underfull \hbox (badness 1137) in paragraph at lines 103--112
\OT1/cmr/m/n/10 The lay-out of the sys-tem was cho-sen as it al-
 []

[3]

LaTeX Warning: Citation `Carpendale' on page 4 undefined on input line 123.


LaTeX Warning: Citation `nielsen5' on page 4 undefined on input line 123.


LaTeX Warning: Citation `nielsenheuristic' on page 4 undefined on input line 12
3.


Underfull \hbox (badness 10000) in paragraph at lines 129--133

 []


Underfull \hbox (badness 10000) in paragraph at lines 136--148

 []


Underfull \hbox (badness 1152) in paragraph at lines 136--148
\OT1/cmr/m/n/10 data was pro-posed by both par-tic-i-pants. This
 []


Underfull \hbox (badness 10000) in paragraph at lines 136--148

 []


Underfull \hbox (badness 10000) in paragraph at lines 136--148

 []


Underfull \hbox (badness 2150) in paragraph at lines 136--148
\OT1/cmr/m/n/10 Including an im-age of each car was sug-gested
 []


Underfull \hbox (badness 10000) in paragraph at lines 136--148

 []


Underfull \hbox (badness 10000) in paragraph at lines 136--148

 []


Underfull \hbox (badness 3838) in paragraph at lines 136--148
\OT1/cmr/m/n/10 Other pro-pos-als for im-prov-ing the graph was
 []


LaTeX Warning: File `improvement_lines.jpg' not found on input line 155.


! Package pdftex.def Error: File `improvement_lines.jpg' not found.

See the pdftex.def package documentation for explanation.
Type  H <return>  for immediate help.
 ...                                              
                                                  
l.155 ...dth=0.5\textwidth]{improvement_lines.jpg}
                                                  
Using draft setting for this image.
Try typing  <return>  to proceed.
If that doesn't work, type  X <return>  to quit.


Overfull \hbox (9.0pt too wide) in paragraph at lines 155--156
 [][] 
 []


LaTeX Warning: File `improvement_axis.jpg' not found on input line 162.


! Package pdftex.def Error: File `improvement_axis.jpg' not found.

See the pdftex.def package documentation for explanation.
Type  H <return>  for immediate help.
 ...                                              
                                                  
l.162 ...idth=0.5\textwidth]{improvement_axis.jpg}
                                                  
Using draft setting for this image.
Try typing  <return>  to proceed.
If that doesn't work, type  X <return>  to quit.


Overfull \hbox (9.0pt too wide) in paragraph at lines 162--163
 [][] 
 []


Underfull \hbox (badness 10000) in paragraph at lines 150--165

 []


Underfull \hbox (badness 10000) in paragraph at lines 150--165

 []


Underfull \hbox (badness 1389) in paragraph at lines 150--165
\OT1/cmr/m/n/10 are aware of the at-tributes con-tribut-ing to the
 []

[4]
Underfull \hbox (badness 10000) in paragraph at lines 167--170

 []


Underfull \hbox (badness 10000) in paragraph at lines 172--175

 []

No file finalReport.bbl.
[5] (C:\Users\Owen\Desktop\433-Report\finalReport.aux)

LaTeX Warning: There were undefined references.

 ) 
Here is how much of TeX's memory you used:
 2509 strings out of 493921
 34352 string characters out of 3147285
 104773 words of memory out of 3000000
 5796 multiletter control sequences out of 15000+200000
 7768 words of font info for 28 fonts, out of 3000000 for 9000
 841 hyphenation exceptions out of 8191
 37i,9n,39p,1039b,241s stack positions out of 5000i,500n,10000p,200000b,50000s
<C:/Program Files/MiKTeX 2.9/fonts/type1/public/amsfonts/cm/cmbx10.pfb><C:/Pr
ogram Files/MiKTeX 2.9/fonts/type1/public/amsfonts/cm/cmbx12.pfb><C:/Program Fi
les/MiKTeX 2.9/fonts/type1/public/amsfonts/cm/cmr10.pfb><C:/Program Files/MiKTe
X 2.9/fonts/type1/public/amsfonts/cm/cmtt10.pfb>
Output written on finalReport.pdf (5 pages, 87193 bytes).
PDF statistics:
 34 PDF objects out of 1000 (max. 8388607)
 0 named destinations out of 1000 (max. 500000)
 1 words of extra memory for PDF output out of 10000 (max. 10000000)

